[29Dec2024 00:00:10.393] [Server thread/WARN] [net.minecraft.server.MinecraftServer/]: Can't keep up! Is the server overloaded? Running 27269ms or 545 ticks behind
[29Dec2024 00:01:01.580] [Server thread/WARN] [net.minecraft.server.MinecraftServer/]: Can't keep up! Is the server overloaded? Running 36206ms or 724 ticks behind
[29Dec2024 00:01:43.652] [Server thread/WARN] [net.minecraft.server.network.ServerGamePacketListenerImpl/]: Luzbel1t0 moved too quickly! -10.198219468747084,0.3800236743955381,0.3188941415719455
[29Dec2024 00:01:49.032] [Server thread/WARN] [net.minecraft.server.network.ServerGamePacketListenerImpl/]: xDogSaur moved too quickly! -9.471915648930405,0.0,-3.6114697773940794
[29Dec2024 00:01:53.969] [Server thread/WARN] [net.minecraft.server.network.ServerGamePacketListenerImpl/]: Boat (vehicle of Luzbel1t0) moved too quickly! -2.7229307467555373,0.0,10.014656482313967
[29Dec2024 00:01:53.977] [Server thread/WARN] [net.minecraft.server.network.ServerGamePacketListenerImpl/]: Boat (vehicle of Luzbel1t0) moved too quickly! -2.877707810621814,0.0,10.37958652570751
[29Dec2024 00:01:53.980] [Server thread/WARN] [net.minecraft.server.network.ServerGamePacketListenerImpl/]: Boat (vehicle of Luzbel1t0) moved too quickly! -3.039636436604269,0.0,10.741007127352077
[29Dec2024 00:01:53.980] [Server thread/WARN] [net.minecraft.server.network.ServerGamePacketListenerImpl/]: Boat (vehicle of Luzbel1t0) moved too quickly! -3.2085422761638256,0.0,11.098891602553977
[29Dec2024 00:01:53.982] [Server thread/WARN] [net.minecraft.server.network.ServerGamePacketListenerImpl/]: Boat (vehicle of Luzbel1t0) moved too quickly! -3.3842095709337627,0.0,11.453245655455248
[29Dec2024 00:01:57.664] [Server thread/WARN] [net.minecraft.server.MinecraftServer/]: Can't keep up! Is the server overloaded? Running 41090ms or 821 ticks behind
[29Dec2024 00:02:05.456] [Server thread/WARN] [net.minecraft.server.network.ServerGamePacketListenerImpl/]: xDogSaur moved too quickly! 1.050801660104753,0.0,-10.028112543129922
[29Dec2024 00:02:34.670] [Server thread/WARN] [net.minecraft.server.network.ServerGamePacketListenerImpl/]: Boat (vehicle of Luzbel1t0) moved too quickly! -0.32114355825660823,0.0,10.22853018868409
[29Dec2024 00:02:34.677] [Server thread/WARN] [net.minecraft.server.network.ServerGamePacketListenerImpl/]: Boat (vehicle of Luzbel1t0) moved too quickly! -0.3673130802671949,0.0,10.62352763360559
[29Dec2024 00:02:34.678] [Server thread/WARN] [net.minecraft.server.network.ServerGamePacketListenerImpl/]: Boat (vehicle of Luzbel1t0) moved too quickly! -0.4171050765576183,0.0,11.018167523478041
[29Dec2024 00:02:43.892] [Server thread/WARN] [net.minecraft.server.network.ServerGamePacketListenerImpl/]: Boat (vehicle of Luzbel1t0) moved too quickly! -0.5310432221353949,0.0,10.38564715928078
[29Dec2024 00:02:48.637] [Server thread/WARN] [net.minecraft.server.network.ServerGamePacketListenerImpl/]: Boat (vehicle of Luzbel1t0) moved too quickly! 0.168945552995865,0.0,10.322446977569143
[29Dec2024 00:02:48.638] [Server thread/WARN] [net.minecraft.server.network.ServerGamePacketListenerImpl/]: Boat (vehicle of Luzbel1t0) moved too quickly! 0.2543920831426476,0.0,10.708265105818555
[29Dec2024 00:02:49.019] [Server thread/WARN] [net.minecraft.server.MinecraftServer/]: Can't keep up! Is the server overloaded? Running 36395ms or 727 ticks behind
[29Dec2024 00:02:54.723] [Server thread/WARN] [net.minecraft.server.network.ServerGamePacketListenerImpl/]: Boat (vehicle of Luzbel1t0) moved too quickly! 6.525287984196439,0.0,7.891594664923105
[29Dec2024 00:02:54.724] [Server thread/WARN] [net.minecraft.server.network.ServerGamePacketListenerImpl/]: Boat (vehicle of Luzbel1t0) moved too quickly! 6.801857111850495,0.0,8.175329595717358
[29Dec2024 00:02:54.729] [Server thread/WARN] [net.minecraft.server.network.ServerGamePacketListenerImpl/]: Boat (vehicle of Luzbel1t0) moved too quickly! 7.083160626158133,0.0,8.454157116407714
[29Dec2024 00:02:54.730] [Server thread/WARN] [net.minecraft.server.network.ServerGamePacketListenerImpl/]: Boat (vehicle of Luzbel1t0) moved too quickly! 7.36905482868633,0.0,8.728105978108033
[29Dec2024 00:03:01.424] [Server thread/WARN] [net.minecraft.server.network.ServerGamePacketListenerImpl/]: Boat (vehicle of Luzbel1t0) moved too quickly! 6.699957043993891,0.0,7.73976687802633
[29Dec2024 00:03:01.425] [Server thread/WARN] [net.minecraft.server.network.ServerGamePacketListenerImpl/]: Boat (vehicle of Luzbel1t0) moved too quickly! 7.01704920457496,0.0,7.9754734357793495
[29Dec2024 00:03:01.425] [Server thread/WARN] [net.minecraft.server.network.ServerGamePacketListenerImpl/]: Boat (vehicle of Luzbel1t0) moved too quickly! 7.335120070065386,0.0,8.210660467379057
[29Dec2024 00:03:01.426] [Server thread/WARN] [net.minecraft.server.network.ServerGamePacketListenerImpl/]: Boat (vehicle of Luzbel1t0) moved too quickly! 7.653687170980447,0.0,8.445915838265591
[29Dec2024 00:03:01.426] [Server thread/WARN] [net.minecraft.server.network.ServerGamePacketListenerImpl/]: Boat (vehicle of Luzbel1t0) moved too quickly! 7.972349074801059,0.0,8.681707102287874
[29Dec2024 00:03:01.427] [Server thread/WARN] [net.minecraft.server.network.ServerGamePacketListenerImpl/]: Boat (vehicle of Luzbel1t0) moved too quickly! 8.290770431465262,0.0,8.918407385359842
[29Dec2024 00:03:01.427] [Server thread/WARN] [net.minecraft.server.network.ServerGamePacketListenerImpl/]: Boat (vehicle of Luzbel1t0) moved too quickly! 8.608679522545572,0.0,9.156303056879096
[29Dec2024 00:03:01.428] [Server thread/WARN] [net.minecraft.server.network.ServerGamePacketListenerImpl/]: Boat (vehicle of Luzbel1t0) moved too quickly! 8.925858742763921,0.0,9.395609578427866
[29Dec2024 00:03:01.428] [Server thread/WARN] [net.minecraft.server.network.ServerGamePacketListenerImpl/]: Boat (vehicle of Luzbel1t0) moved too quickly! 9.242133131352148,0.0,9.636488429322071
[29Dec2024 00:03:01.442] [Server thread/WARN] [net.minecraft.server.network.ServerGamePacketListenerImpl/]: Boat (vehicle of Luzbel1t0) moved too quickly! 9.55736947153764,0.0,9.879050252901834
[29Dec2024 00:03:07.681] [Server thread/WARN] [net.minecraft.server.network.ServerGamePacketListenerImpl/]: Boat (vehicle of Luzbel1t0) moved too quickly! 10.318734110956484,0.0,-0.8117103009353741
[29Dec2024 00:03:07.682] [Server thread/WARN] [net.minecraft.server.network.ServerGamePacketListenerImpl/]: Boat (vehicle of Luzbel1t0) moved too quickly! 10.717299507678945,0.0,-0.8388873999883799
[29Dec2024 00:03:07.683] [Server thread/WARN] [net.minecraft.server.network.ServerGamePacketListenerImpl/]: Boat (vehicle of Luzbel1t0) moved too quickly! 11.116007374580931,0.0,-0.8636267377096374
[29Dec2024 00:03:07.683] [Server thread/WARN] [net.minecraft.server.network.ServerGamePacketListenerImpl/]: Boat (vehicle of Luzbel1t0) moved too quickly! 11.514844407140117,0.0,-0.8858422867056106
[29Dec2024 00:03:07.683] [Server thread/WARN] [net.minecraft.server.network.ServerGamePacketListenerImpl/]: Boat (vehicle of Luzbel1t0) moved too quickly! 11.913796168868885,0.0,-0.9054873040704479
[29Dec2024 00:03:07.684] [Server thread/WARN] [net.minecraft.server.network.ServerGamePacketListenerImpl/]: Boat (vehicle of Luzbel1t0) moved too quickly! 12.312847919768046,0.0,-0.9225504165083294
[29Dec2024 00:03:07.685] [Server thread/WARN] [net.minecraft.server.network.ServerGamePacketListenerImpl/]: Boat (vehicle of Luzbel1t0) moved too quickly! 12.71198517939365,0.0,-0.9370482541194178
[29Dec2024 00:03:07.686] [Server thread/WARN] [net.minecraft.server.network.ServerGamePacketListenerImpl/]: Boat (vehicle of Luzbel1t0) moved too quickly! 13.111194084607632,0.0,-0.9490188165323161
[29Dec2024 00:03:07.688] [Server thread/WARN] [net.minecraft.server.network.ServerGamePacketListenerImpl/]: Boat (vehicle of Luzbel1t0) moved too quickly! 13.510461704099725,0.0,-0.9585193333305142
[29Dec2024 00:03:07.691] [Server thread/WARN] [net.minecraft.server.network.ServerGamePacketListenerImpl/]: Boat (vehicle of Luzbel1t0) moved too quickly! 13.90977615009706,0.0,-0.9656205037176733
[29Dec2024 00:03:07.691] [Server thread/WARN] [net.minecraft.server.network.ServerGamePacketListenerImpl/]: Boat (vehicle of Luzbel1t0) moved too quickly! 14.309092536614571,0.0,-0.9697080259693394
[29Dec2024 00:03:07.693] [Server thread/WARN] [net.minecraft.server.network.ServerGamePacketListenerImpl/]: Boat (vehicle of Luzbel1t0) moved too quickly! 14.70829904500215,0.0,-0.9696187984059179
[29Dec2024 00:03:07.693] [Server thread/WARN] [net.minecraft.server.network.ServerGamePacketListenerImpl/]: Boat (vehicle of Luzbel1t0) moved too quickly! 15.107260143682652,0.0,-0.9644556218363505
[29Dec2024 00:03:07.696] [Server thread/WARN] [net.minecraft.server.network.ServerGamePacketListenerImpl/]: Boat (vehicle of Luzbel1t0) moved too quickly! 15.505831696213136,0.0,-0.9535491121232553
[29Dec2024 00:03:07.697] [Server thread/WARN] [net.minecraft.server.network.ServerGamePacketListenerImpl/]: Boat (vehicle of Luzbel1t0) moved too quickly! 15.903870300532617,0.0,-0.9364154284212418
[29Dec2024 00:03:14.015] [Server thread/WARN] [net.minecraft.server.network.ServerGamePacketListenerImpl/]: Boat (vehicle of Luzbel1t0) moved too quickly! 10.387120651032546,0.0,-0.5172012107441333
[29Dec2024 00:03:14.017] [Server thread/WARN] [net.minecraft.server.network.ServerGamePacketListenerImpl/]: Boat (vehicle of Luzbel1t0) moved too quickly! 10.786625426253977,0.0,-0.5370958855914978
[29Dec2024 00:03:14.018] [Server thread/WARN] [net.minecraft.server.network.ServerGamePacketListenerImpl/]: Boat (vehicle of Luzbel1t0) moved too quickly! 11.186130204426263,0.0,-0.5569906112373246
[29Dec2024 00:03:14.018] [Server thread/WARN] [net.minecraft.server.network.ServerGamePacketListenerImpl/]: Boat (vehicle of Luzbel1t0) moved too quickly! 11.585634985254273,0.0,-0.5768853826025406
[29Dec2024 00:03:14.019] [Server thread/WARN] [net.minecraft.server.network.ServerGamePacketListenerImpl/]: Boat (vehicle of Luzbel1t0) moved too quickly! 11.985139768472436,0.0,-0.5967801951146612
[29Dec2024 00:03:18.641] [Server thread/WARN] [net.minecraft.server.network.ServerGamePacketListenerImpl/]: Boat (vehicle of Luzbel1t0) moved too quickly! 10.211893716049417,0.0,1.7197606851264027
[29Dec2024 00:03:18.641] [Server thread/WARN] [net.minecraft.server.network.ServerGamePacketListenerImpl/]: Boat (vehicle of Luzbel1t0) moved too quickly! 10.397998195244327,0.0,1.8200208586245026
[29Dec2024 00:03:18.642] [Server thread/WARN] [net.minecraft.server.network.ServerGamePacketListenerImpl/]: Boat (vehicle of Luzbel1t0) moved too quickly! 10.397998195244327,0.0,1.9216460187922166
[29Dec2024 00:03:18.642] [Server thread/WARN] [net.minecraft.server.network.ServerGamePacketListenerImpl/]: Boat (vehicle of Luzbel1t0) moved too quickly! 10.397998195244327,0.0,2.0245400993685507
[29Dec2024 00:03:18.642] [Server thread/WARN] [net.minecraft.server.network.ServerGamePacketListenerImpl/]: Boat (vehicle of Luzbel1t0) moved too quickly! 10.397998195244327,0.0,2.128612951752075
[29Dec2024 00:03:18.642] [Server thread/WARN] [net.minecraft.server.network.ServerGamePacketListenerImpl/]: Boat (vehicle of Luzbel1t0) moved too quickly! 10.436307940734878,0.0,2.233779760685138
[29Dec2024 00:03:18.643] [Server thread/WARN] [net.minecraft.server.network.ServerGamePacketListenerImpl/]: Boat (vehicle of Luzbel1t0) moved too quickly! 10.509087623590403,0.0,2.3399605118515865
[29Dec2024 00:03:23.518] [Server thread/WARN] [net.minecraft.server.network.ServerGamePacketListenerImpl/]: xDogSaur moved too quickly! -2.7214681858206404,0.0,-9.934721173418978
[29Dec2024 00:03:36.762] [Server thread/WARN] [net.minecraft.server.MinecraftServer/]: Can't keep up! Is the server overloaded? Running 32788ms or 655 ticks behind
[29Dec2024 00:04:08.327] [Server thread/WARN] [net.minecraft.server.MinecraftServer/]: Can't keep up! Is the server overloaded? Running 16603ms or 332 ticks behind
[29Dec2024 00:04:15.804] [Server thread/WARN] [net.minecraft.server.network.ServerGamePacketListenerImpl/]: xDogSaur moved too quickly! -1.193178157614284,0.0,-10.039864051838414
[29Dec2024 00:04:34.138] [Server thread/WARN] [net.minecraft.server.MinecraftServer/]: Can't keep up! Is the server overloaded? Running 10814ms or 216 ticks behind
[29Dec2024 00:04:55.706] [Server thread/WARN] [net.minecraft.server.MinecraftServer/]: Can't keep up! Is the server overloaded? Running 6582ms or 131 ticks behind
